0 info it worked if it ends with ok
1 verbose cli [ 'C:\\local\\software\\node\\node.exe',
1 verbose cli   'C:\\local\\software\\node\\node_modules\\npm\\bin\\npm-cli.js',
1 verbose cli   'install',
1 verbose cli   '--save',
1 verbose cli   '@types:react-render-html' ]
2 info using npm@3.10.10
3 info using node@v6.11.2
4 silly loadCurrentTree Starting
5 silly install loadCurrentTree
6 silly install readLocalPackageData
7 silly fetchPackageMetaData @types:react-render-html
8 silly fetchOtherPackageData @types:react-render-html
9 silly cache add args [ '@types:react-render-html', null ]
10 verbose cache add spec @types:react-render-html
11 silly cache add parsed spec Result {
11 silly cache add   raw: '@types:react-render-html',
11 silly cache add   scope: null,
11 silly cache add   escapedName: null,
11 silly cache add   name: null,
11 silly cache add   rawSpec: '@types:react-render-html',
11 silly cache add   spec: 'C:\\local\\dev\\DocuBricksViewer\\WebContent\\@types:react-render-html',
11 silly cache add   type: 'local' }
12 error addLocal Could not install C:\local\dev\DocuBricksViewer\WebContent\@types:react-render-html
13 silly fetchPackageMetaData Error: ENOENT: no such file or directory, open 'C:\local\dev\DocuBricksViewer\WebContent\@types:react-render-html'
13 silly fetchPackageMetaData     at Error (native)
13 silly fetchPackageMetaData  error for @types:react-render-html { Error: ENOENT: no such file or directory, open 'C:\local\dev\DocuBricksViewer\WebContent\@types:react-render-html'
13 silly fetchPackageMetaData     at Error (native)
13 silly fetchPackageMetaData   errno: -4058,
13 silly fetchPackageMetaData   code: 'ENOENT',
13 silly fetchPackageMetaData   syscall: 'open',
13 silly fetchPackageMetaData   path: 'C:\\local\\dev\\DocuBricksViewer\\WebContent\\@types:react-render-html' }
14 silly rollbackFailedOptional Starting
15 silly rollbackFailedOptional Finishing
16 silly runTopLevelLifecycles Finishing
17 silly install printInstalled
18 verbose stack Error: ENOENT: no such file or directory, open 'C:\local\dev\DocuBricksViewer\WebContent\@types:react-render-html'
18 verbose stack     at Error (native)
19 verbose cwd C:\local\dev\DocuBricksViewer\WebContent
20 error Windows_NT 10.0.14393
21 error argv "C:\\local\\software\\node\\node.exe" "C:\\local\\software\\node\\node_modules\\npm\\bin\\npm-cli.js" "install" "--save" "@types:react-render-html"
22 error node v6.11.2
23 error npm  v3.10.10
24 error path C:\local\dev\DocuBricksViewer\WebContent\@types:react-render-html
25 error code ENOENT
26 error errno -4058
27 error syscall open
28 error enoent ENOENT: no such file or directory, open 'C:\local\dev\DocuBricksViewer\WebContent\@types:react-render-html'
29 error enoent ENOENT: no such file or directory, open 'C:\local\dev\DocuBricksViewer\WebContent\@types:react-render-html'
29 error enoent This is most likely not a problem with npm itself
29 error enoent and is related to npm not being able to find a file.
30 verbose exit [ -4058, true ]
